ERROR   |   2024-05-24  17:59:40   |   Expected 405 but got 201 instead   |   file:(name)s
ERROR   |   2024-05-24  18:01:57   |   Expected 405 but got 201 instead   |   file:(name)s
ERROR   |   2024-05-24  18:02:48   |   Expected 201 but got 405 instead   |   file:(name)s
ERROR   |   2024-05-24  18:03:08   |   Expected 201 but got 404 instead   |   file:(name)s
ERROR   |   2024-05-24  18:05:51   |   Expected 201 but got 400 instead   |   file:tests/test_pet/test_create_pet.py::TestCreatePet::test_create_pet (setup)
ERROR   |   2024-05-24  18:06:40   |   Expected 201 but got 400 instead   |   file:tests/test_pet/test_create_pet.py::TestCreatePet::test_create_pet (setup)
ERROR   |   2024-05-24  18:19:50   |   Expected 201 but got 400 instead   |   file:tests/test_pet/test_create_pet.py::TestCreatePet::test_create_pet (setup)
ERROR   |   2024-05-24  19:02:12   |   Expected 201 but got 405 instead   |   file:tests/test_pet/test_create_pet.py::TestCreatePet::test_create_pet (setup)
ERROR   |   2024-05-24  19:03:49   |   Expected 201 but got 405 instead   |   file:tests/test_pet/test_create_pet.py::TestCreatePet::test_create_pet (setup)
ERROR   |   2024-05-24  19:08:45   |   Expected 201 but got 405 instead   |   file:tests/test_pet/test_create_pet.py::TestCreatePet::test_create_pet (setup)
ERROR   |   2024-05-24  19:10:00   |   Expected 201 but got 405 instead   |   file:tests/test_pet/test_create_pet.py::TestCreatePet::test_create_pet (setup)
ERROR   |   2024-05-24  19:30:59   |   Expected 201 but got 405 instead   |   file:tests/test_pet/test_create_pet.py::TestCreatePet::test_create_pet (setup)
ERROR   |   2024-05-24  19:45:47   |   Expected 201 but got 405 instead   |   file:tests/test_pet/test_create_pet.py::TestCreatePet::test_create_pet (setup)
ERROR   |   2024-05-24  19:53:11   |   Expected 201 but got 405 instead   |   file:tests/test_pet/test_create_pet.py::TestCreatePet::test_create_pet (setup)
ERROR   |   2024-05-24  20:12:34   |   Expected 201 but got 405 instead   |   file:tests/test_pet/test_create_pet.py::TestCreatePet::test_create_pet (setup)
ERROR   |   2024-05-24  20:20:13   |   Expected 201 but got 405 instead   |   file:tests/test_pet/test_create_pet.py::TestCreatePet::test_create_pet (setup)
ERROR   |   2024-05-26  13:51:33   |   Expected 201 but got 405 instead   |   file:tests/test_pet/test_create_pet.py::TestCreatePet::test_create_pet (setup)
ERROR   |   2024-05-26  13:52:16   |   1 validation error for CreatePetSchema
  Invalid JSON: expected value at line 1 column 1 [type=json_invalid, input_value='<?xml version="1.0" enco...wn</type></apiResponse>', input_type=str]
    For further information visit https://errors.pydantic.dev/2.7/v/json_invalid   |   file:src.validator
ERROR   |   2024-05-27  21:52:27   |   Expected 201 but got 405 instead   |   file:tests/test_pet/test_create_pet.py::TestCreatePet::test_create_pet (setup)
ERROR   |   2024-05-27  21:53:28   |   Expected 201 but got 405 instead   |   file:tests/test_pet/test_create_pet.py::TestCreatePet::test_create_pet (setup)
ERROR   |   2024-05-27  22:33:53   |   Expected 201 but got 405 instead   |   file:tests/test_pet/test_create_pet.py::TestCreatePet::test_create_pet (setup)
ERROR   |   2024-05-27  22:40:28   |   Expected 201 but got 405 instead   |   file:tests/test_pet/test_create_pet.py::TestCreatePet::test_create_pet (setup)
ERROR   |   2024-05-27  22:43:45   |   Expected 201 but got 405 instead   |   file:tests/test_pet/test_create_pet.py::TestCreatePet::test_create_pet (setup)
ERROR   |   2024-05-27  22:51:11   |   Expected 201 but got 405 instead   |   file:tests/test_pet/test_create_pet.py::TestCreatePet::test_create_pet (setup)
ERROR   |   2024-05-27  22:55:53   |   Expected 201 but got 405 instead   |   file:tests/test_pet/test_create_pet.py::TestCreatePet::test_create_pet (setup)
ERROR   |   2024-05-27  23:36:45   |   Expected 201 but got 405 instead   |   file:tests/test_pet/test_create_pet.py::TestCreatePet::test_create_pet (setup)
ERROR   |   2024-05-27  23:37:32   |   Expected 201 but got 405 instead   |   file:tests/test_pet/test_create_pet.py::TestCreatePet::test_create_pet (setup)
ERROR   |   2024-05-27  23:38:06   |   Expected 201 but got 405 instead   |   file:tests/test_pet/test_create_pet.py::TestCreatePet::test_create_pet (setup)
ERROR   |   2024-05-27  23:45:44   |   Expected 201 but got 405 instead   |   file:tests/test_pet/test_create_pet.py::TestCreatePet::test_create_pet (setup)
ERROR   |   2024-05-27  23:54:10   |   Expected 201 but got 405 instead   |   file:tests/test_pet/test_create_pet.py::TestCreatePet::test_create_pet (setup)
ERROR   |   2024-05-27  23:54:50   |   Expected 201 but got 405 instead   |   file:tests/test_pet/test_create_pet.py::TestCreatePet::test_create_pet (setup)
ERROR   |   2024-05-27  23:55:51   |   Expected 201 but got 405 instead   |   file:tests/test_pet/test_create_pet.py::TestCreatePet::test_create_pet (setup)
ERROR   |   2024-05-28  00:09:48   |   Expected 201 but got 405 instead   |   file:tests/test_pet/test_create_pet.py::TestCreatePet::test_create_pet (setup)
ERROR   |   2024-05-29  12:27:17   |   Expected 201 but got 405 instead   |   file:tests/test_pet/test_create_pet.py::TestCreatePet::test_create_pet (setup)
ERROR   |   2024-05-29  12:32:54   |   Expected 201 but got 405 instead   |   file:tests/test_pet/test_create_pet.py::TestCreatePet::test_create_pet (setup)
ERROR   |   2024-05-29  12:33:16   |   Expected 201 but got 405 instead   |   file:tests/test_pet/test_create_pet.py::TestCreatePet::test_create_pet (setup)
ERROR   |   2024-05-29  12:34:53   |   Expected 201 but got 405 instead   |   file:tests/test_pet/test_create_pet.py::TestCreatePet::test_create_pet (setup)
ERROR   |   2024-05-29  12:35:02   |   Expected 201 but got 405 instead   |   file:tests/test_pet/test_create_pet.py::TestCreatePet::test_create_pet (setup)
ERROR   |   2024-05-29  13:04:54   |   Expected 201 but got 405 instead   |   file:tests/test_pet/test_create_pet.py::TestCreatePet::test_create_pet (setup)
ERROR   |   2024-05-29  13:15:00   |   Expected 201 but got 405 instead   |   file:tests/test_pet/test_create_pet.py::TestCreatePet::test_create_pet (setup)
ERROR   |   2024-05-29  13:40:08   |   Expected 201 but got 200 instead   |   file:tests/test_pet/test_create_pet.py::TestCreatePet::test_create_pet (setup)
